mode: set
/Users/kenedyakena/go/LeastWordsInComment/main.go:28.38,28.55 1 1
/Users/kenedyakena/go/LeastWordsInComment/main.go:29.38,29.65 1 1
/Users/kenedyakena/go/LeastWordsInComment/main.go:30.38,30.72 1 1
/Users/kenedyakena/go/LeastWordsInComment/main.go:32.13,44.2 8 0
/Users/kenedyakena/go/LeastWordsInComment/main.go:46.45,48.16 2 0
/Users/kenedyakena/go/LeastWordsInComment/main.go:51.2,54.16 3 0
/Users/kenedyakena/go/LeastWordsInComment/main.go:58.2,58.21 1 0
/Users/kenedyakena/go/LeastWordsInComment/main.go:48.16,50.3 1 0
/Users/kenedyakena/go/LeastWordsInComment/main.go:54.16,56.3 1 0
/Users/kenedyakena/go/LeastWordsInComment/main.go:61.47,63.2 1 1
/Users/kenedyakena/go/LeastWordsInComment/main.go:65.52,67.2 1 1
/Users/kenedyakena/go/LeastWordsInComment/main.go:69.52,71.29 2 1
/Users/kenedyakena/go/LeastWordsInComment/main.go:74.2,74.39 1 1
/Users/kenedyakena/go/LeastWordsInComment/main.go:71.29,73.3 1 1
/Users/kenedyakena/go/LeastWordsInComment/main.go:77.60,83.16 4 1
/Users/kenedyakena/go/LeastWordsInComment/main.go:86.2,86.23 1 1
/Users/kenedyakena/go/LeastWordsInComment/main.go:83.16,85.3 1 1
/Users/kenedyakena/go/LeastWordsInComment/main.go:89.53,91.22 2 1
/Users/kenedyakena/go/LeastWordsInComment/main.go:98.2,98.10 1 1
/Users/kenedyakena/go/LeastWordsInComment/main.go:91.22,92.26 1 1
/Users/kenedyakena/go/LeastWordsInComment/main.go:92.26,94.4 1 1
/Users/kenedyakena/go/LeastWordsInComment/main.go:94.9,96.4 1 1
/Users/kenedyakena/go/LeastWordsInComment/main.go:101.54,103.22 2 1
/Users/kenedyakena/go/LeastWordsInComment/main.go:107.2,107.23 1 1
/Users/kenedyakena/go/LeastWordsInComment/main.go:103.22,105.3 1 1
/Users/kenedyakena/go/LeastWordsInComment/main.go:110.35,114.2 3 1
